d:\user stuffs\documents\university\ct4021 introduction to programming fundamentals\repocalc\calculator\calcgui\debug\calcgui.maingui.resources
d:\user stuffs\documents\university\ct4021 introduction to programming fundamentals\repocalc\calculator\calcgui\debug\vc141.pdb
d:\user stuffs\documents\university\ct4021 introduction to programming fundamentals\repocalc\calculator\calcgui\debug\myform1.obj
d:\user stuffs\documents\university\ct4021 introduction to programming fundamentals\repocalc\calculator\calcgui\debug\myform.obj
d:\user stuffs\documents\university\ct4021 introduction to programming fundamentals\repocalc\calculator\calcgui\debug\.netframework,version=v4.6.1.assemblyattributes.obj
d:\user stuffs\documents\university\ct4021 introduction to programming fundamentals\repocalc\calculator\calcgui\debug\.netframework,version=v4.6.1.assemblyattributes.asm
d:\user stuffs\documents\university\ct4021 introduction to programming fundamentals\repocalc\calculator\debug\calcgui.exe
d:\user stuffs\documents\university\ct4021 introduction to programming fundamentals\repocalc\calculator\debug\calcgui.pdb
d:\user stuffs\documents\university\ct4021 introduction to programming fundamentals\repocalc\calculator\calcgui\debug\calcgui.vcxproj.generateresource.cache
d:\user stuffs\documents\university\ct4021 introduction to programming fundamentals\repocalc\calculator\calcgui\debug\calcgui.vcxprojresolveassemblyreference.cache
d:\user stuffs\documents\university\ct4021 introduction to programming fundamentals\repocalc\calculator\calcgui\debug\calcgui.pdb
d:\user stuffs\documents\university\ct4021 introduction to programming fundamentals\repocalc\calculator\calcgui\debug\calcgui.exe.metagen
d:\user stuffs\documents\university\ct4021 introduction to programming fundamentals\repocalc\calculator\calcgui\debug\calcgui.tlog\calcgui.write.1u.tlog
d:\user stuffs\documents\university\ct4021 introduction to programming fundamentals\repocalc\calculator\calcgui\debug\calcgui.tlog\cl.command.1.tlog
d:\user stuffs\documents\university\ct4021 introduction to programming fundamentals\repocalc\calculator\calcgui\debug\calcgui.tlog\cl.read.1.tlog
d:\user stuffs\documents\university\ct4021 introduction to programming fundamentals\repocalc\calculator\calcgui\debug\calcgui.tlog\cl.write.1.tlog
d:\user stuffs\documents\university\ct4021 introduction to programming fundamentals\repocalc\calculator\calcgui\debug\calcgui.tlog\link.command.1.tlog
d:\user stuffs\documents\university\ct4021 introduction to programming fundamentals\repocalc\calculator\calcgui\debug\calcgui.tlog\link.read.1.tlog
d:\user stuffs\documents\university\ct4021 introduction to programming fundamentals\repocalc\calculator\calcgui\debug\calcgui.tlog\link.write.1.tlog
d:\user stuffs\documents\university\ct4021 introduction to programming fundamentals\repocalc\calculator\calcgui\debug\calcgui.tlog\metagen.read.1.tlog
d:\user stuffs\documents\university\ct4021 introduction to programming fundamentals\repocalc\calculator\calcgui\debug\calcgui.tlog\metagen.write.1.tlog
d:\user stuffs\documents\university\ct4021 introduction to programming fundamentals\repocalc\calculator\calcgui\debug\calcgui.tlog\rsaenh.dll.bi
d:\user stuffs\documents\university\ct4021 introduction to programming fundamentals\repocalc\calculator\calcgui\debug\calcgui.tlog\tzres.dll.bi
